Building DAG of jobs...
Using shell: /bin/bash
Provided cores: 1
Rules claiming more threads will be scaled down.
Job counts:
	count	jobs
	1	all
	1	download_counts_brca
	1	download_raw_counts
	1	download_sample_key
	1	plot_ROCs
	5

[Fri Dec  7 16:01:41 2018]
rule download_counts_brca:
    output: data/counts.ICGC-BRCA-EU_BRCA_22.SBS-96.tsv
    jobid: 3

[Fri Dec  7 16:01:42 2018]
Finished job 3.
1 of 5 steps (20%) done

[Fri Dec  7 16:01:42 2018]
rule download_raw_counts:
    output: data/counts.ICGC-BRCA-EU_BRCA_22.Letouze2017.tsv
    jobid: 1

[Fri Dec  7 16:01:42 2018]
Finished job 1.
2 of 5 steps (40%) done

[Fri Dec  7 16:01:42 2018]
rule download_sample_key:
    output: data/samples.ICGC-BRCA-EU_BRCA_22.tsv
    jobid: 2

[Fri Dec  7 16:01:42 2018]
Finished job 2.
3 of 5 steps (60%) done

[Fri Dec  7 16:01:42 2018]
rule plot_ROCs:
    input: data/additional_features.ICGC-BRCA-EU_BRCA_Davies2017.tsv, data/counts.ICGC-BRCA-EU_BRCA_22.SBS-96.tsv, data/samples.ICGC-BRCA-EU_BRCA_22.tsv, data/counts.ICGC-BRCA-EU_BRCA_22.Letouze2017.tsv
    output: output/plot_1.jpg, output/plot_2.jpg, output/plot_3.jpg, output/plot_4.jpg, output/table_1.jpg, output/table_2.jpg
    jobid: 4

RuleException in line 47 of /Users/david/Documents/test7/ML_HRD_project2/Snakefile:
IndexError: list index out of range
